<?xml version="1.0" encoding="UTF-8"?>
<!-- Generated by org.testng.reporters.JUnitReportReporter -->
<testsuite hostname="DESKTOP-H7J5TL8" failures="0" tests="1" name="ToolsQa.DemoMavenEclipseProject.Excel" time="10.908" errors="0" timestamp="2020-11-19T23:07:45 IST" skipped="0">
  <testcase classname="ToolsQa.DemoMavenEclipseProject.Excel" name="getExcel" time="10.908"/>
  <system-out/>
</testsuite> <!-- ToolsQa.DemoMavenEclipseProject.Excel -->
